<?xml version="1.0" encoding="UTF-8"?>
<!-- Generated by org.testng.reporters.JUnitReportReporter -->
<testsuite hostname="Bogdan" failures="0" tests="1" name="tests.loginValidation.LoginValidationTest" time="10.193" errors="0" timestamp="2023-01-27T12:52:00 EET" skipped="0">
  <testcase classname="tests.loginValidation.LoginValidationTest" name="checkValidationsOnLoginPage" time="10.193"/>
  <system-out/>
</testsuite> <!-- tests.loginValidation.LoginValidationTest -->
